# JRE version: OpenJDK Runtime Environment Zulu25.36+15-CA (25.0.4+7) (build 25.0.4+7-LTS)
# Java VM: OpenJDK 64-Bit Server VM Zulu25.36+15-CA (25.0.4+7-LTS, mixed mode, sharing, tiered, compressed oops, compressed class ptrs, g1 gc, windows-amd64)
GC Precious Log:
 CardTable entry size: 512
 Card Set container configuration: InlinePtr #cards 5 size 8 Array Of Cards #cards 10 size 36 Howl #buckets 4 coarsen threshold 1843 Howl Bitmap #cards 512 size 80 coarsen threshold 460 Card regions per heap region 1 cards per card region 2048
 CPUs: 4 total, 4 available
 Memory: 8088M
 Large Page Support: Disabled
 NUMA Support: Disabled
 Compressed Oops: Enabled (32-bit)
 Heap Region Size: 1M
 Heap Min Capacity: 8M
 Heap Initial Capacity: 128M
 Heap Max Capacity: 2024M
 Pre-touch: Disabled
 Parallel Workers: 4
 Concurrent Workers: 1
 Concurrent Refinement Workers: 4
 Periodic GC: Disabled
Heap:
 garbage-first heap   total reserved 2072576K, committed 61440K, used 38213K [0x0000000081800000, 0x0000000100000000)
  region size 1024K, 14 young (14336K), 3 survivors (3072K)
GC Heap Usage History (20 events):
Event: 4.185 {heap Before GC invocations=2 (full 0):
 garbage-first heap   total reserved 2072576K, committed 133120K, used 30160K [0x0000000081800000, 0x0000000100000000)
  region size 1024K, 23 young (23552K), 5 survivors (5120K)
}
Event: 4.193 {heap After GC invocations=3 (full 0):
 garbage-first heap   total reserved 2072576K, committed 133120K, used 14051K [0x0000000081800000, 0x0000000100000000)
  region size 1024K, 6 young (6144K), 6 survivors (6144K)
}
Event: 5.113 {heap Before GC invocations=4 (full 0):
 garbage-first heap   total reserved 2072576K, committed 51200K, used 38627K [0x0000000081800000, 0x0000000100000000)
  region size 1024K, 30 young (30720K), 6 survivors (6144K)
}
Event: 5.126 {heap After GC invocations=5 (full 0):
 garbage-first heap   total reserved 2072576K, committed 51200K, used 16343K [0x0000000081800000, 0x0000000100000000)
  region size 1024K, 4 young (4096K), 4 survivors (4096K)
}
Event: 5.722 {heap Before GC invocations=5 (full 0):
 garbage-first heap   total reserved 2072576K, committed 51200K, used 37847K [0x0000000081800000, 0x0000000100000000)
  region size 1024K, 25 young (25600K), 4 survivors (4096K)
}
Event: 5.732 {heap After GC invocations=6 (full 0):
 garbage-first heap   total reserved 2072576K, committed 51200K, used 18398K [0x0000000081800000, 0x0000000100000000)
  region size 1024K, 3 young (3072K), 3 survivors (3072K)
}
Event: 6.415 {heap Before GC invocations=6 (full 0):
 garbage-first heap   total reserved 2072576K, committed 51200K, used 38878K [0x0000000081800000, 0x0000000100000000)
  region size 1024K, 24 young (24576K), 3 survivors (3072K)
}
Event: 6.422 {heap After GC invocations=7 (full 0):
 garbage-first heap   total reserved 2072576K, committed 51200K, used 19692K [0x0000000081800000, 0x0000000100000000)
  region size 1024K, 2 young (2048K), 2 survivors (2048K)
}
Event: 6.952 {heap Before GC invocations=7 (full 0):
 garbage-first heap   total reserved 2072576K, committed 51200K, used 34028K [0x0000000081800000, 0x0000000100000000)
  region size 1024K, 17 young (17408K), 2 survivors (2048K)
}
Event: 6.957 {heap After GC invocations=8 (full 0):
 garbage-first heap   total reserved 2072576K, committed 51200K, used 20726K [0x0000000081800000, 0x0000000100000000)
  region size 1024K, 3 young (3072K), 3 survivors (3072K)
}
Event: 7.877 {heap Before GC invocations=9 (full 0):
 garbage-first heap   total reserved 2072576K, committed 51200K, used 42230K [0x0000000081800000, 0x0000000100000000)
  region size 1024K, 24 young (24576K), 3 survivors (3072K)
}
Event: 7.885 {heap After GC invocations=10 (full 0):
 garbage-first heap   total reserved 2072576K, committed 51200K, used 23027K [0x0000000081800000, 0x0000000100000000)
  region size 1024K, 3 young (3072K), 3 survivors (3072K)
}
Event: 8.970 {heap Before GC invocations=10 (full 0):
 garbage-first heap   total reserved 2072576K, committed 51200K, used 43507K [0x0000000081800000, 0x0000000100000000)
  region size 1024K, 23 young (23552K), 3 survivors (3072K)
}
Event: 8.978 {heap After GC invocations=11 (full 0):
 garbage-first heap   total reserved 2072576K, committed 51200K, used 24622K [0x0000000081800000, 0x0000000100000000)
  region size 1024K, 2 young (2048K), 2 survivors (2048K)
}
Event: 10.015 {heap Before GC invocations=11 (full 0):
 garbage-first heap   total reserved 2072576K, committed 51200K, used 43054K [0x0000000081800000, 0x0000000100000000)
  region size 1024K, 21 young (21504K), 2 survivors (2048K)
}
Event: 10.020 {heap After GC invocations=12 (full 0):
 garbage-first heap   total reserved 2072576K, committed 51200K, used 25620K [0x0000000081800000, 0x0000000100000000)
  region size 1024K, 3 young (3072K), 3 survivors (3072K)
}
Event: 10.841 {heap Before GC invocations=13 (full 0):
 garbage-first heap   total reserved 2072576K, committed 51200K, used 44052K [0x0000000081800000, 0x0000000100000000)
  region size 1024K, 22 young (22528K), 3 survivors (3072K)
}
Event: 10.851 {heap After GC invocations=14 (full 0):
 garbage-first heap   total reserved 2072576K, committed 51200K, used 26501K [0x0000000081800000, 0x0000000100000000)
  region size 1024K, 2 young (2048K), 2 survivors (2048K)
}
Event: 11.722 {heap Before GC invocations=14 (full 0):
 garbage-first heap   total reserved 2072576K, committed 51200K, used 45957K [0x0000000081800000, 0x0000000100000000)
  region size 1024K, 21 young (21504K), 2 survivors (2048K)
}
Event: 11.731 {heap After GC invocations=15 (full 0):
 garbage-first heap   total reserved 2072576K, committed 61440K, used 27973K [0x0000000081800000, 0x0000000100000000)
  region size 1024K, 3 young (3072K), 3 survivors (3072K)
}

