# JRE version: OpenJDK Runtime Environment Zulu25.36+15-CA (25.0.4+7) (build 25.0.4+7-LTS)
# Java VM: OpenJDK 64-Bit Server VM Zulu25.36+15-CA (25.0.4+7-LTS, mixed mode, sharing, tiered, compressed oops, compressed class ptrs, g1 gc, windows-amd64)
GC Precious Log:
 CardTable entry size: 512
 Card Set container configuration: InlinePtr #cards 5 size 8 Array Of Cards #cards 10 size 36 Howl #buckets 4 coarsen threshold 1843 Howl Bitmap #cards 512 size 80 coarsen threshold 460 Card regions per heap region 1 cards per card region 2048
 CPUs: 4 total, 4 available
 Memory: 8088M
 Large Page Support: Disabled
 NUMA Support: Disabled
 Compressed Oops: Enabled (32-bit)
 Heap Region Size: 1M
 Heap Min Capacity: 8M
 Heap Initial Capacity: 128M
 Heap Max Capacity: 2024M
 Pre-touch: Disabled
 Parallel Workers: 4
 Concurrent Workers: 1
 Concurrent Refinement Workers: 4
 Periodic GC: Disabled
Heap:
 garbage-first heap   total reserved 2072576K, committed 62464K, used 48077K [0x0000000081800000, 0x0000000100000000)
  region size 1024K, 14 young (14336K), 1 survivors (1024K)
GC Heap Usage History (20 events):
Event: 5.300 {heap Before GC invocations=9 (full 0):
 garbage-first heap   total reserved 2072576K, committed 51200K, used 42349K [0x0000000081800000, 0x0000000100000000)
  region size 1024K, 24 young (24576K), 3 survivors (3072K)
}
Event: 5.305 {heap After GC invocations=10 (full 0):
 garbage-first heap   total reserved 2072576K, committed 51200K, used 22990K [0x0000000081800000, 0x0000000100000000)
  region size 1024K, 3 young (3072K), 3 survivors (3072K)
}
Event: 6.160 {heap Before GC invocations=10 (full 0):
 garbage-first heap   total reserved 2072576K, committed 51200K, used 43470K [0x0000000081800000, 0x0000000100000000)
  region size 1024K, 23 young (23552K), 3 survivors (3072K)
}
Event: 6.167 {heap After GC invocations=11 (full 0):
 garbage-first heap   total reserved 2072576K, committed 51200K, used 24940K [0x0000000081800000, 0x0000000100000000)
  region size 1024K, 3 young (3072K), 3 survivors (3072K)
}
Event: 6.569 {heap Before GC invocations=11 (full 0):
 garbage-first heap   total reserved 2072576K, committed 51200K, used 42348K [0x0000000081800000, 0x0000000100000000)
  region size 1024K, 21 young (21504K), 3 survivors (3072K)
}
Event: 6.574 {heap After GC invocations=12 (full 0):
 garbage-first heap   total reserved 2072576K, committed 51200K, used 26270K [0x0000000081800000, 0x0000000100000000)
  region size 1024K, 2 young (2048K), 2 survivors (2048K)
}
Event: 7.078 {heap Before GC invocations=13 (full 0):
 garbage-first heap   total reserved 2072576K, committed 51200K, used 44702K [0x0000000081800000, 0x0000000100000000)
  region size 1024K, 20 young (20480K), 2 survivors (2048K)
}
Event: 7.083 {heap After GC invocations=14 (full 0):
 garbage-first heap   total reserved 2072576K, committed 51200K, used 26543K [0x0000000081800000, 0x0000000100000000)
  region size 1024K, 2 young (2048K), 2 survivors (2048K)
}
Event: 7.555 {heap Before GC invocations=14 (full 0):
 garbage-first heap   total reserved 2072576K, committed 51200K, used 44975K [0x0000000081800000, 0x0000000100000000)
  region size 1024K, 20 young (20480K), 2 survivors (2048K)
}
Event: 7.561 {heap After GC invocations=15 (full 0):
 garbage-first heap   total reserved 2072576K, committed 51200K, used 27769K [0x0000000081800000, 0x0000000100000000)
  region size 1024K, 3 young (3072K), 3 survivors (3072K)
}
Event: 7.978 {heap Before GC invocations=15 (full 0):
 garbage-first heap   total reserved 2072576K, committed 51200K, used 46201K [0x0000000081800000, 0x0000000100000000)
  region size 1024K, 21 young (21504K), 3 survivors (3072K)
}
Event: 7.984 {heap After GC invocations=16 (full 0):
 garbage-first heap   total reserved 2072576K, committed 61440K, used 29314K [0x0000000081800000, 0x0000000100000000)
  region size 1024K, 3 young (3072K), 3 survivors (3072K)
}
Event: 35.249 {heap Before GC invocations=17 (full 0):
 garbage-first heap   total reserved 2072576K, committed 61440K, used 54914K [0x0000000081800000, 0x0000000100000000)
  region size 1024K, 28 young (28672K), 3 survivors (3072K)
}
Event: 35.255 {heap After GC invocations=18 (full 0):
 garbage-first heap   total reserved 2072576K, committed 61440K, used 30685K [0x0000000081800000, 0x0000000100000000)
  region size 1024K, 3 young (3072K), 3 survivors (3072K)
}
Event: 38.090 {heap Before GC invocations=18 (full 0):
 garbage-first heap   total reserved 2072576K, committed 61440K, used 54237K [0x0000000081800000, 0x0000000100000000)
  region size 1024K, 27 young (27648K), 3 survivors (3072K)
}
Event: 38.098 {heap After GC invocations=19 (full 0):
 garbage-first heap   total reserved 2072576K, committed 62464K, used 33059K [0x0000000081800000, 0x0000000100000000)
  region size 1024K, 4 young (4096K), 4 survivors (4096K)
}
Event: 46.040 {heap Before GC invocations=19 (full 0):
 garbage-first heap   total reserved 2072576K, committed 62464K, used 54563K [0x0000000081800000, 0x0000000100000000)
  region size 1024K, 26 young (26624K), 4 survivors (4096K)
}
Event: 46.047 {heap After GC invocations=20 (full 0):
 garbage-first heap   total reserved 2072576K, committed 62464K, used 35327K [0x0000000081800000, 0x0000000100000000)
  region size 1024K, 2 young (2048K), 2 survivors (2048K)
}
Event: 886.136 {heap Before GC invocations=21 (full 0):
 garbage-first heap   total reserved 2072576K, committed 62464K, used 55807K [0x0000000081800000, 0x0000000100000000)
  region size 1024K, 22 young (22528K), 2 survivors (2048K)
}
Event: 886.153 {heap After GC invocations=22 (full 0):
 garbage-first heap   total reserved 2072576K, committed 62464K, used 35789K [0x0000000081800000, 0x0000000100000000)
  region size 1024K, 1 young (1024K), 1 survivors (1024K)
}

