# JRE version: OpenJDK Runtime Environment Zulu25.36+15-CA (25.0.4+7) (build 25.0.4+7-LTS)
# Java VM: OpenJDK 64-Bit Server VM Zulu25.36+15-CA (25.0.4+7-LTS, mixed mode, sharing, tiered, compressed oops, compressed class ptrs, g1 gc, windows-amd64)
GC Precious Log:
 CardTable entry size: 512
 Card Set container configuration: InlinePtr #cards 5 size 8 Array Of Cards #cards 10 size 36 Howl #buckets 4 coarsen threshold 1843 Howl Bitmap #cards 512 size 80 coarsen threshold 460 Card regions per heap region 1 cards per card region 2048
 CPUs: 4 total, 4 available
 Memory: 8088M
 Large Page Support: Disabled
 NUMA Support: Disabled
 Compressed Oops: Enabled (32-bit)
 Heap Region Size: 1M
 Heap Min Capacity: 8M
 Heap Initial Capacity: 128M
 Heap Max Capacity: 2024M
 Pre-touch: Disabled
 Parallel Workers: 4
 Concurrent Workers: 1
 Concurrent Refinement Workers: 4
 Periodic GC: Disabled
Heap:
 garbage-first heap   total reserved 2072576K, committed 58368K, used 34728K [0x0000000081800000, 0x0000000100000000)
  region size 1024K, 8 young (8192K), 4 survivors (4096K)
GC Heap Usage History (20 events):
Event: 3.095 {heap Before GC invocations=5 (full 0):
 garbage-first heap   total reserved 2072576K, committed 48128K, used 34417K [0x0000000081800000, 0x0000000100000000)
  region size 1024K, 22 young (22528K), 3 survivors (3072K)
}
Event: 3.103 {heap After GC invocations=6 (full 0):
 garbage-first heap   total reserved 2072576K, committed 48128K, used 16587K [0x0000000081800000, 0x0000000100000000)
  region size 1024K, 2 young (2048K), 2 survivors (2048K)
}
Event: 3.459 {heap Before GC invocations=6 (full 0):
 garbage-first heap   total reserved 2072576K, committed 48128K, used 36043K [0x0000000081800000, 0x0000000100000000)
  region size 1024K, 22 young (22528K), 2 survivors (2048K)
}
Event: 3.464 {heap After GC invocations=7 (full 0):
 garbage-first heap   total reserved 2072576K, committed 48128K, used 18557K [0x0000000081800000, 0x0000000100000000)
  region size 1024K, 2 young (2048K), 2 survivors (2048K)
}
Event: 3.957 {heap Before GC invocations=7 (full 0):
 garbage-first heap   total reserved 2072576K, committed 48128K, used 38013K [0x0000000081800000, 0x0000000100000000)
  region size 1024K, 22 young (22528K), 2 survivors (2048K)
}
Event: 3.963 {heap After GC invocations=8 (full 0):
 garbage-first heap   total reserved 2072576K, committed 48128K, used 20498K [0x0000000081800000, 0x0000000100000000)
  region size 1024K, 2 young (2048K), 2 survivors (2048K)
}
Event: 4.232 {heap Before GC invocations=8 (full 0):
 garbage-first heap   total reserved 2072576K, committed 48128K, used 30738K [0x0000000081800000, 0x0000000100000000)
  region size 1024K, 13 young (13312K), 2 survivors (2048K)
}
Event: 4.235 {heap After GC invocations=9 (full 0):
 garbage-first heap   total reserved 2072576K, committed 58368K, used 21099K [0x0000000081800000, 0x0000000100000000)
  region size 1024K, 1 young (1024K), 1 survivors (1024K)
}
Event: 4.992 {heap Before GC invocations=10 (full 0):
 garbage-first heap   total reserved 2072576K, committed 58368K, used 47723K [0x0000000081800000, 0x0000000100000000)
  region size 1024K, 27 young (27648K), 1 survivors (1024K)
}
Event: 4.996 {heap After GC invocations=11 (full 0):
 garbage-first heap   total reserved 2072576K, committed 58368K, used 23378K [0x0000000081800000, 0x0000000100000000)
  region size 1024K, 3 young (3072K), 3 survivors (3072K)
}
Event: 5.828 {heap Before GC invocations=11 (full 0):
 garbage-first heap   total reserved 2072576K, committed 58368K, used 47954K [0x0000000081800000, 0x0000000100000000)
  region size 1024K, 28 young (28672K), 3 survivors (3072K)
}
Event: 5.835 {heap After GC invocations=12 (full 0):
 garbage-first heap   total reserved 2072576K, committed 58368K, used 25719K [0x0000000081800000, 0x0000000100000000)
  region size 1024K, 3 young (3072K), 3 survivors (3072K)
}
Event: 6.356 {heap Before GC invocations=12 (full 0):
 garbage-first heap   total reserved 2072576K, committed 58368K, used 46199K [0x0000000081800000, 0x0000000100000000)
  region size 1024K, 25 young (25600K), 3 survivors (3072K)
}
Event: 6.360 {heap After GC invocations=13 (full 0):
 garbage-first heap   total reserved 2072576K, committed 58368K, used 27011K [0x0000000081800000, 0x0000000100000000)
  region size 1024K, 2 young (2048K), 2 survivors (2048K)
}
Event: 6.884 {heap Before GC invocations=14 (full 0):
 garbage-first heap   total reserved 2072576K, committed 58368K, used 49539K [0x0000000081800000, 0x0000000100000000)
  region size 1024K, 25 young (25600K), 2 survivors (2048K)
}
Event: 6.888 {heap After GC invocations=15 (full 0):
 garbage-first heap   total reserved 2072576K, committed 58368K, used 28022K [0x0000000081800000, 0x0000000100000000)
  region size 1024K, 3 young (3072K), 3 survivors (3072K)
}
Event: 7.369 {heap Before GC invocations=15 (full 0):
 garbage-first heap   total reserved 2072576K, committed 58368K, used 51574K [0x0000000081800000, 0x0000000100000000)
  region size 1024K, 26 young (26624K), 3 survivors (3072K)
}
Event: 7.375 {heap After GC invocations=16 (full 0):
 garbage-first heap   total reserved 2072576K, committed 58368K, used 29355K [0x0000000081800000, 0x0000000100000000)
  region size 1024K, 3 young (3072K), 3 survivors (3072K)
}
Event: 8.166 {heap Before GC invocations=16 (full 0):
 garbage-first heap   total reserved 2072576K, committed 58368K, used 52907K [0x0000000081800000, 0x0000000100000000)
  region size 1024K, 26 young (26624K), 3 survivors (3072K)
}
Event: 8.173 {heap After GC invocations=17 (full 0):
 garbage-first heap   total reserved 2072576K, committed 58368K, used 31656K [0x0000000081800000, 0x0000000100000000)
  region size 1024K, 4 young (4096K), 4 survivors (4096K)
}

