# JRE version: OpenJDK Runtime Environment Zulu25.36+15-CA (25.0.4+7) (build 25.0.4+7-LTS)
# Java VM: OpenJDK 64-Bit Server VM Zulu25.36+15-CA (25.0.4+7-LTS, mixed mode, sharing, tiered, compressed oops, compressed class ptrs, g1 gc, windows-amd64)
GC Precious Log:
 CardTable entry size: 512
 Card Set container configuration: InlinePtr #cards 5 size 8 Array Of Cards #cards 10 size 36 Howl #buckets 4 coarsen threshold 1843 Howl Bitmap #cards 512 size 80 coarsen threshold 460 Card regions per heap region 1 cards per card region 2048
 CPUs: 4 total, 4 available
 Memory: 8088M
 Large Page Support: Disabled
 NUMA Support: Disabled
 Compressed Oops: Enabled (32-bit)
 Heap Region Size: 1M
 Heap Min Capacity: 8M
 Heap Initial Capacity: 128M
 Heap Max Capacity: 2024M
 Pre-touch: Disabled
 Parallel Workers: 4
 Concurrent Workers: 1
 Concurrent Refinement Workers: 4
 Periodic GC: Disabled
Heap:
 garbage-first heap   total reserved 2072576K, committed 66560K, used 47781K [0x0000000081800000, 0x0000000100000000)
  region size 1024K, 11 young (11264K), 1 survivors (1024K)
GC Heap Usage History (20 events):
Event: 1045.776 {heap Before GC invocations=23 (full 1):
 garbage-first heap   total reserved 2072576K, committed 66560K, used 56666K [0x0000000081800000, 0x0000000100000000)
  region size 1024K, 28 young (28672K), 3 survivors (3072K)
}
Event: 1045.781 {heap After GC invocations=24 (full 1):
 garbage-first heap   total reserved 2072576K, committed 66560K, used 34602K [0x0000000081800000, 0x0000000100000000)
  region size 1024K, 3 young (3072K), 3 survivors (3072K)
}
Event: 1200.879 {heap Before GC invocations=24 (full 1):
 garbage-first heap   total reserved 2072576K, committed 66560K, used 47914K [0x0000000081800000, 0x0000000100000000)
  region size 1024K, 18 young (18432K), 3 survivors (3072K)
}
Event: 1200.935 {heap After GC invocations=25 (full 2):
 garbage-first heap   total reserved 2072576K, committed 66560K, used 29333K [0x0000000081800000, 0x0000000100000000)
  region size 1024K, 0 young (0K), 0 survivors (0K)
}
Event: 1201.448 {heap Before GC invocations=25 (full 2):
 garbage-first heap   total reserved 2072576K, committed 66560K, used 56981K [0x0000000081800000, 0x0000000100000000)
  region size 1024K, 28 young (28672K), 0 survivors (0K)
}
Event: 1201.453 {heap After GC invocations=26 (full 2):
 garbage-first heap   total reserved 2072576K, committed 66560K, used 32350K [0x0000000081800000, 0x0000000100000000)
  region size 1024K, 3 young (3072K), 3 survivors (3072K)
}
Event: 1202.099 {heap Before GC invocations=27 (full 2):
 garbage-first heap   total reserved 2072576K, committed 66560K, used 56926K [0x0000000081800000, 0x0000000100000000)
  region size 1024K, 28 young (28672K), 3 survivors (3072K)
}
Event: 1202.104 {heap After GC invocations=28 (full 2):
 garbage-first heap   total reserved 2072576K, committed 66560K, used 34704K [0x0000000081800000, 0x0000000100000000)
  region size 1024K, 3 young (3072K), 3 survivors (3072K)
}
Event: 1232.252 {heap Before GC invocations=28 (full 2):
 garbage-first heap   total reserved 2072576K, committed 66560K, used 44944K [0x0000000081800000, 0x0000000100000000)
  region size 1024K, 14 young (14336K), 3 survivors (3072K)
}
Event: 1232.302 {heap After GC invocations=29 (full 3):
 garbage-first heap   total reserved 2072576K, committed 66560K, used 29585K [0x0000000081800000, 0x0000000100000000)
  region size 1024K, 0 young (0K), 0 survivors (0K)
}
Event: 1232.695 {heap Before GC invocations=29 (full 3):
 garbage-first heap   total reserved 2072576K, committed 66560K, used 56209K [0x0000000081800000, 0x0000000100000000)
  region size 1024K, 27 young (27648K), 0 survivors (0K)
}
Event: 1232.698 {heap After GC invocations=30 (full 3):
 garbage-first heap   total reserved 2072576K, committed 66560K, used 32453K [0x0000000081800000, 0x0000000100000000)
  region size 1024K, 3 young (3072K), 3 survivors (3072K)
}
Event: 1233.290 {heap Before GC invocations=31 (full 3):
 garbage-first heap   total reserved 2072576K, committed 66560K, used 57029K [0x0000000081800000, 0x0000000100000000)
  region size 1024K, 28 young (28672K), 3 survivors (3072K)
}
Event: 1233.295 {heap After GC invocations=32 (full 3):
 garbage-first heap   total reserved 2072576K, committed 66560K, used 34575K [0x0000000081800000, 0x0000000100000000)
  region size 1024K, 3 young (3072K), 3 survivors (3072K)
}
Event: 1891.520 {heap Before GC invocations=32 (full 3):
 garbage-first heap   total reserved 2072576K, committed 66560K, used 57103K [0x0000000081800000, 0x0000000100000000)
  region size 1024K, 25 young (25600K), 3 survivors (3072K)
}
Event: 1891.532 {heap After GC invocations=33 (full 3):
 garbage-first heap   total reserved 2072576K, committed 66560K, used 34945K [0x0000000081800000, 0x0000000100000000)
  region size 1024K, 1 young (1024K), 1 survivors (1024K)
}
Event: 1967.314 {heap Before GC invocations=33 (full 3):
 garbage-first heap   total reserved 2072576K, committed 66560K, used 58497K [0x0000000081800000, 0x0000000100000000)
  region size 1024K, 25 young (25600K), 1 survivors (1024K)
}
Event: 1967.330 {heap After GC invocations=34 (full 3):
 garbage-first heap   total reserved 2072576K, committed 66560K, used 38055K [0x0000000081800000, 0x0000000100000000)
  region size 1024K, 4 young (4096K), 4 survivors (4096K)
}
Event: 2818.145 {heap Before GC invocations=35 (full 3):
 garbage-first heap   total reserved 2072576K, committed 66560K, used 59559K [0x0000000081800000, 0x0000000100000000)
  region size 1024K, 25 young (25600K), 4 survivors (4096K)
}
Event: 2818.152 {heap After GC invocations=36 (full 3):
 garbage-first heap   total reserved 2072576K, committed 66560K, used 38565K [0x0000000081800000, 0x0000000100000000)
  region size 1024K, 1 young (1024K), 1 survivors (1024K)
}

