# JRE version: OpenJDK Runtime Environment Zulu25.36+15-CA (25.0.4+7) (build 25.0.4+7-LTS)
# Java VM: OpenJDK 64-Bit Server VM Zulu25.36+15-CA (25.0.4+7-LTS, mixed mode, sharing, tiered, compressed oops, compressed class ptrs, g1 gc, windows-amd64)
GC Precious Log:
 CardTable entry size: 512
 Card Set container configuration: InlinePtr #cards 5 size 8 Array Of Cards #cards 10 size 36 Howl #buckets 4 coarsen threshold 1843 Howl Bitmap #cards 512 size 80 coarsen threshold 460 Card regions per heap region 1 cards per card region 2048
 CPUs: 4 total, 4 available
 Memory: 8088M
 Large Page Support: Disabled
 NUMA Support: Disabled
 Compressed Oops: Enabled (32-bit)
 Heap Region Size: 1M
 Heap Min Capacity: 8M
 Heap Initial Capacity: 128M
 Heap Max Capacity: 2024M
 Pre-touch: Disabled
 Parallel Workers: 4
 Concurrent Workers: 1
 Concurrent Refinement Workers: 4
 Periodic GC: Disabled
Heap:
 garbage-first heap   total reserved 2072576K, committed 58368K, used 36218K [0x0000000081800000, 0x0000000100000000)
  region size 1024K, 6 young (6144K), 2 survivors (2048K)
GC Heap Usage History (20 events):
Event: 4.955 {heap Before GC invocations=7 (full 0):
 garbage-first heap   total reserved 2072576K, committed 48128K, used 38221K [0x0000000081800000, 0x0000000100000000)
  region size 1024K, 22 young (22528K), 2 survivors (2048K)
}
Event: 4.959 {heap After GC invocations=8 (full 0):
 garbage-first heap   total reserved 2072576K, committed 48128K, used 20484K [0x0000000081800000, 0x0000000100000000)
  region size 1024K, 2 young (2048K), 2 survivors (2048K)
}
Event: 5.233 {heap Before GC invocations=8 (full 0):
 garbage-first heap   total reserved 2072576K, committed 48128K, used 28676K [0x0000000081800000, 0x0000000100000000)
  region size 1024K, 11 young (11264K), 2 survivors (2048K)
}
Event: 5.237 {heap After GC invocations=9 (full 0):
 garbage-first heap   total reserved 2072576K, committed 48128K, used 21141K [0x0000000081800000, 0x0000000100000000)
  region size 1024K, 1 young (1024K), 1 survivors (1024K)
}
Event: 5.777 {heap Before GC invocations=10 (full 0):
 garbage-first heap   total reserved 2072576K, committed 48128K, used 40597K [0x0000000081800000, 0x0000000100000000)
  region size 1024K, 20 young (20480K), 1 survivors (1024K)
}
Event: 5.780 {heap After GC invocations=11 (full 0):
 garbage-first heap   total reserved 2072576K, committed 48128K, used 22608K [0x0000000081800000, 0x0000000100000000)
  region size 1024K, 2 young (2048K), 2 survivors (2048K)
}
Event: 6.624 {heap Before GC invocations=11 (full 0):
 garbage-first heap   total reserved 2072576K, committed 48128K, used 41040K [0x0000000081800000, 0x0000000100000000)
  region size 1024K, 20 young (20480K), 2 survivors (2048K)
}
Event: 6.630 {heap After GC invocations=12 (full 0):
 garbage-first heap   total reserved 2072576K, committed 48128K, used 24558K [0x0000000081800000, 0x0000000100000000)
  region size 1024K, 3 young (3072K), 3 survivors (3072K)
}
Event: 7.054 {heap Before GC invocations=12 (full 0):
 garbage-first heap   total reserved 2072576K, committed 48128K, used 40942K [0x0000000081800000, 0x0000000100000000)
  region size 1024K, 20 young (20480K), 3 survivors (3072K)
}
Event: 7.059 {heap After GC invocations=13 (full 0):
 garbage-first heap   total reserved 2072576K, committed 48128K, used 26070K [0x0000000081800000, 0x0000000100000000)
  region size 1024K, 3 young (3072K), 3 survivors (3072K)
}
Event: 7.389 {heap Before GC invocations=13 (full 0):
 garbage-first heap   total reserved 2072576K, committed 48128K, used 41430K [0x0000000081800000, 0x0000000100000000)
  region size 1024K, 19 young (19456K), 3 survivors (3072K)
}
Event: 7.393 {heap After GC invocations=14 (full 0):
 garbage-first heap   total reserved 2072576K, committed 48128K, used 27150K [0x0000000081800000, 0x0000000100000000)
  region size 1024K, 3 young (3072K), 3 survivors (3072K)
}
Event: 7.802 {heap Before GC invocations=15 (full 0):
 garbage-first heap   total reserved 2072576K, committed 48128K, used 41486K [0x0000000081800000, 0x0000000100000000)
  region size 1024K, 18 young (18432K), 3 survivors (3072K)
}
Event: 7.805 {heap After GC invocations=16 (full 0):
 garbage-first heap   total reserved 2072576K, committed 48128K, used 27684K [0x0000000081800000, 0x0000000100000000)
  region size 1024K, 2 young (2048K), 2 survivors (2048K)
}
Event: 8.136 {heap Before GC invocations=16 (full 0):
 garbage-first heap   total reserved 2072576K, committed 48128K, used 43044K [0x0000000081800000, 0x0000000100000000)
  region size 1024K, 17 young (17408K), 2 survivors (2048K)
}
Event: 8.141 {heap After GC invocations=17 (full 0):
 garbage-first heap   total reserved 2072576K, committed 58368K, used 28513K [0x0000000081800000, 0x0000000100000000)
  region size 1024K, 3 young (3072K), 3 survivors (3072K)
}
Event: 8.662 {heap Before GC invocations=17 (full 0):
 garbage-first heap   total reserved 2072576K, committed 58368K, used 52065K [0x0000000081800000, 0x0000000100000000)
  region size 1024K, 26 young (26624K), 3 survivors (3072K)
}
Event: 8.668 {heap After GC invocations=18 (full 0):
 garbage-first heap   total reserved 2072576K, committed 58368K, used 30180K [0x0000000081800000, 0x0000000100000000)
  region size 1024K, 4 young (4096K), 4 survivors (4096K)
}
Event: 9.270 {heap Before GC invocations=19 (full 0):
 garbage-first heap   total reserved 2072576K, committed 58368K, used 51684K [0x0000000081800000, 0x0000000100000000)
  region size 1024K, 25 young (25600K), 4 survivors (4096K)
}
Event: 9.276 {heap After GC invocations=20 (full 0):
 garbage-first heap   total reserved 2072576K, committed 58368K, used 32064K [0x0000000081800000, 0x0000000100000000)
  region size 1024K, 2 young (2048K), 2 survivors (2048K)
}

